intermediates/manifest_merge_blame_file/debug/processDebugMainManifest/manifest-merger-blame-debug-report.txt
1<?xml version="1.0" encoding="utf-8"?>
2<manifest xmlns:android="http://schemas.android.com/apk/res/android"
3    package="com.example.unimate"
4    android:versionCode="1"
5    android:versionName="1.0" >
6
7    <uses-sdk
8        android:minSdkVersion="24"
9        android:targetSdkVersion="34" />
10
11    <uses-permission android:name="android.permission.INTERNET" />
11-->src\main\AndroidManifest.xml:5:5-67
11-->src\main\AndroidManifest.xml:5:22-64
12    <uses-permission android:name="android.permission.ACCESS_NETWORK_STATE" />
12-->src\main\AndroidManifest.xml:6:5-78
12-->src\main\AndroidManifest.xml:6:22-76
13
14    <permission
14-->[androidx.core:core:1.12.0] AndroidManifest.xml:22:5-24:47
15        android:name="com.example.unimate.DYNAMIC_RECEIVER_NOT_EXPORTED_PERMISSION"
15-->[androidx.core:core:1.12.0] AndroidManifest.xml:23:9-81
16        android:protectionLevel="signature" />
16-->[androidx.core:core:1.12.0] AndroidManifest.xml:24:9-44
17
18    <uses-permission android:name="com.example.unimate.DYNAMIC_RECEIVER_NOT_EXPORTED_PERMISSION" />
18-->[androidx.core:core:1.12.0] AndroidManifest.xml:26:5-97
18-->[androidx.core:core:1.12.0] AndroidManifest.xml:26:22-94
19
20    <application
20-->src\main\AndroidManifest.xml:8:5-76:19
21        android:name="com.example.unimate.App"
21-->src\main\AndroidManifest.xml:21:9-28
22        android:allowBackup="true"
22-->src\main\AndroidManifest.xml:9:9-35
23        android:appComponentFactory="androidx.core.app.CoreComponentFactory"
23-->[androidx.core:core:1.12.0] AndroidManifest.xml:28:18-86
24        android:dataExtractionRules="@xml/data_extraction_rules"
24-->src\main\AndroidManifest.xml:10:9-65
25        android:debuggable="true"
26        android:enableOnBackInvokedCallback="true"
26-->src\main\AndroidManifest.xml:18:9-51
27        android:extractNativeLibs="false"
28        android:fullBackupContent="@xml/backup_rules"
28-->src\main\AndroidManifest.xml:11:9-54
29        android:icon="@drawable/unimatelogo"
29-->src\main\AndroidManifest.xml:12:9-45
30        android:label="@string/app_name"
30-->src\main\AndroidManifest.xml:13:9-41
31        android:networkSecurityConfig="@xml/network_security_config"
31-->src\main\AndroidManifest.xml:20:9-69
32        android:roundIcon="@drawable/unimatelogo"
32-->src\main\AndroidManifest.xml:14:9-50
33        android:supportsRtl="true"
33-->src\main\AndroidManifest.xml:15:9-35
34        android:testOnly="true"
35        android:theme="@style/Theme.Unimate"
35-->src\main\AndroidManifest.xml:16:9-45
36        android:usesCleartextTraffic="true" >
36-->src\main\AndroidManifest.xml:17:9-44
37        <activity android:name="com.example.unimate.ChatScreenActivity" />
37-->src\main\AndroidManifest.xml:22:9-56
37-->src\main\AndroidManifest.xml:22:19-53
38        <activity android:name="com.example.unimate.GroupChatActivity" />
38-->src\main\AndroidManifest.xml:23:9-55
38-->src\main\AndroidManifest.xml:23:19-52
39        <activity
39-->src\main\AndroidManifest.xml:29:9-31:40
40            android:name="com.example.unimate.EditProfileActivity"
40-->src\main\AndroidManifest.xml:30:13-48
41            android:exported="false" />
41-->src\main\AndroidManifest.xml:31:13-37
42        <activity
42-->src\main\AndroidManifest.xml:32:9-34:40
43            android:name="com.example.unimate.StaffDashboard"
43-->src\main\AndroidManifest.xml:33:13-43
44            android:exported="false" />
44-->src\main\AndroidManifest.xml:34:13-37
45        <activity
45-->src\main\AndroidManifest.xml:35:9-37:40
46            android:name="com.example.unimate.StudentDashboard"
46-->src\main\AndroidManifest.xml:36:13-45
47            android:exported="false" />
47-->src\main\AndroidManifest.xml:37:13-37
48        <activity
48-->src\main\AndroidManifest.xml:38:9-40:40
49            android:name="com.example.unimate.ChatActivity"
49-->src\main\AndroidManifest.xml:39:13-41
50            android:exported="false" />
50-->src\main\AndroidManifest.xml:40:13-37
51        <activity
51-->src\main\AndroidManifest.xml:41:9-43:40
52            android:name="com.example.unimate.ResetPasswordActivity"
52-->src\main\AndroidManifest.xml:42:13-50
53            android:exported="false" />
53-->src\main\AndroidManifest.xml:43:13-37
54        <activity
54-->src\main\AndroidManifest.xml:44:9-46:40
55            android:name="com.example.unimate.ForgotPasswordActivity"
55-->src\main\AndroidManifest.xml:45:13-51
56            android:exported="false" />
56-->src\main\AndroidManifest.xml:46:13-37
57        <activity
57-->src\main\AndroidManifest.xml:47:9-49:40
58            android:name="com.example.unimate.StartupActivity"
58-->src\main\AndroidManifest.xml:48:13-44
59            android:exported="false" />
59-->src\main\AndroidManifest.xml:49:13-37
60        <activity
60-->src\main\AndroidManifest.xml:50:9-52:40
61            android:name="com.example.unimate.SearchActivity"
61-->src\main\AndroidManifest.xml:51:13-43
62            android:exported="false" />
62-->src\main\AndroidManifest.xml:52:13-37
63        <activity
63-->src\main\AndroidManifest.xml:53:9-55:40
64            android:name="com.example.unimate.ProfilePage"
64-->src\main\AndroidManifest.xml:54:13-40
65            android:exported="false" />
65-->src\main\AndroidManifest.xml:55:13-37
66
67        <uses-library
67-->src\main\AndroidManifest.xml:57:9-59:40
68            android:name="org.apache.http.legacy"
68-->src\main\AndroidManifest.xml:58:13-50
69            android:required="false" />
69-->src\main\AndroidManifest.xml:59:13-37
70
71        <activity
71-->src\main\AndroidManifest.xml:61:9-63:40
72            android:name="com.example.unimate.Homepage"
72-->src\main\AndroidManifest.xml:62:13-37
73            android:exported="false" />
73-->src\main\AndroidManifest.xml:63:13-37
74        <activity android:name="com.example.unimate.SignupActivity" /> <!-- android:exported="false" /> &lt;!&ndash; Single Activity Declaration &ndash;&gt; -->
74-->src\main\AndroidManifest.xml:64:9-52
74-->src\main\AndroidManifest.xml:64:19-49
75        <activity
75-->src\main\AndroidManifest.xml:65:9-75:20
76            android:name="com.example.unimate.MainActivity22"
76-->src\main\AndroidManifest.xml:66:13-43
77            android:exported="true"
77-->src\main\AndroidManifest.xml:67:13-36
78            android:label="@string/app_name"
78-->src\main\AndroidManifest.xml:68:13-45
79            android:theme="@style/Theme.Unimate" >
79-->src\main\AndroidManifest.xml:69:13-49
80            <intent-filter>
80-->src\main\AndroidManifest.xml:70:13-74:29
81                <action android:name="android.intent.action.MAIN" />
81-->src\main\AndroidManifest.xml:71:17-69
81-->src\main\AndroidManifest.xml:71:25-66
82
83                <category android:name="android.intent.category.LAUNCHER" />
83-->src\main\AndroidManifest.xml:73:17-77
83-->src\main\AndroidManifest.xml:73:27-74
84            </intent-filter>
85        </activity>
86        <activity
86-->[androidx.compose.ui:ui-tooling-android:1.6.6] AndroidManifest.xml:23:9-25:39
87            android:name="androidx.compose.ui.tooling.PreviewActivity"
87-->[androidx.compose.ui:ui-tooling-android:1.6.6] AndroidManifest.xml:24:13-71
88            android:exported="true" />
88-->[androidx.compose.ui:ui-tooling-android:1.6.6] AndroidManifest.xml:25:13-36
89        <activity
89-->[androidx.compose.ui:ui-test-manifest:1.6.6] AndroidManifest.xml:23:9-25:39
90            android:name="androidx.activity.ComponentActivity"
90-->[androidx.compose.ui:ui-test-manifest:1.6.6] AndroidManifest.xml:24:13-63
91            android:exported="true" />
91-->[androidx.compose.ui:ui-test-manifest:1.6.6] AndroidManifest.xml:25:13-36
92
93        <provider
93-->[androidx.emoji2:emoji2:1.3.0] AndroidManifest.xml:24:9-32:20
94            android:name="androidx.startup.InitializationProvider"
94-->[androidx.emoji2:emoji2:1.3.0] AndroidManifest.xml:25:13-67
95            android:authorities="com.example.unimate.androidx-startup"
95-->[androidx.emoji2:emoji2:1.3.0] AndroidManifest.xml:26:13-68
96            android:exported="false" >
96-->[androidx.emoji2:emoji2:1.3.0] AndroidManifest.xml:27:13-37
97            <meta-data
97-->[androidx.emoji2:emoji2:1.3.0] AndroidManifest.xml:29:13-31:52
98                android:name="androidx.emoji2.text.EmojiCompatInitializer"
98-->[androidx.emoji2:emoji2:1.3.0] AndroidManifest.xml:30:17-75
99                android:value="androidx.startup" />
99-->[androidx.emoji2:emoji2:1.3.0] AndroidManifest.xml:31:17-49
100            <meta-data
100-->[androidx.lifecycle:lifecycle-process:2.6.1] AndroidManifest.xml:29:13-31:52
101                android:name="androidx.lifecycle.ProcessLifecycleInitializer"
101-->[androidx.lifecycle:lifecycle-process:2.6.1] AndroidManifest.xml:30:17-78
102                android:value="androidx.startup" />
102-->[androidx.lifecycle:lifecycle-process:2.6.1] AndroidManifest.xml:31:17-49
103            <meta-data
103-->[androidx.profileinstaller:profileinstaller:1.3.0] AndroidManifest.xml:29:13-31:52
104                android:name="androidx.profileinstaller.ProfileInstallerInitializer"
104-->[androidx.profileinstaller:profileinstaller:1.3.0] AndroidManifest.xml:30:17-85
105                android:value="androidx.startup" />
105-->[androidx.profileinstaller:profileinstaller:1.3.0] AndroidManifest.xml:31:17-49
106        </provider>
107
108        <service
108-->[androidx.room:room-runtime:2.6.1] AndroidManifest.xml:24:9-28:63
109            android:name="androidx.room.MultiInstanceInvalidationService"
109-->[androidx.room:room-runtime:2.6.1] AndroidManifest.xml:25:13-74
110            android:directBootAware="true"
110-->[androidx.room:room-runtime:2.6.1] AndroidManifest.xml:26:13-43
111            android:exported="false" />
111-->[androidx.room:room-runtime:2.6.1] AndroidManifest.xml:27:13-37
112
113        <receiver
113-->[androidx.profileinstaller:profileinstaller:1.3.0] AndroidManifest.xml:34:9-52:20
114            android:name="androidx.profileinstaller.ProfileInstallReceiver"
114-->[androidx.profileinstaller:profileinstaller:1.3.0] AndroidManifest.xml:35:13-76
115            android:directBootAware="false"
115-->[androidx.profileinstaller:profileinstaller:1.3.0] AndroidManifest.xml:36:13-44
116            android:enabled="true"
116-->[androidx.profileinstaller:profileinstaller:1.3.0] AndroidManifest.xml:37:13-35
117            android:exported="true"
117-->[androidx.profileinstaller:profileinstaller:1.3.0] AndroidManifest.xml:38:13-36
118            android:permission="android.permission.DUMP" >
118-->[androidx.profileinstaller:profileinstaller:1.3.0] AndroidManifest.xml:39:13-57
119            <intent-filter>
119-->[androidx.profileinstaller:profileinstaller:1.3.0] AndroidManifest.xml:40:13-42:29
120                <action android:name="androidx.profileinstaller.action.INSTALL_PROFILE" />
120-->[androidx.profileinstaller:profileinstaller:1.3.0] AndroidManifest.xml:41:17-91
120-->[androidx.profileinstaller:profileinstaller:1.3.0] AndroidManifest.xml:41:25-88
121            </intent-filter>
122            <intent-filter>
122-->[androidx.profileinstaller:profileinstaller:1.3.0] AndroidManifest.xml:43:13-45:29
123                <action android:name="androidx.profileinstaller.action.SKIP_FILE" />
123-->[androidx.profileinstaller:profileinstaller:1.3.0] AndroidManifest.xml:44:17-85
123-->[androidx.profileinstaller:profileinstaller:1.3.0] AndroidManifest.xml:44:25-82
124            </intent-filter>
125            <intent-filter>
125-->[androidx.profileinstaller:profileinstaller:1.3.0] AndroidManifest.xml:46:13-48:29
126                <action android:name="androidx.profileinstaller.action.SAVE_PROFILE" />
126-->[androidx.profileinstaller:profileinstaller:1.3.0] AndroidManifest.xml:47:17-88
126-->[androidx.profileinstaller:profileinstaller:1.3.0] AndroidManifest.xml:47:25-85
127            </intent-filter>
128            <intent-filter>
128-->[androidx.profileinstaller:profileinstaller:1.3.0] AndroidManifest.xml:49:13-51:29
129                <action android:name="androidx.profileinstaller.action.BENCHMARK_OPERATION" />
129-->[androidx.profileinstaller:profileinstaller:1.3.0] AndroidManifest.xml:50:17-95
129-->[androidx.profileinstaller:profileinstaller:1.3.0] AndroidManifest.xml:50:25-92
130            </intent-filter>
131        </receiver>
132    </application>
133
134</manifest>